<?xml version="1.0" encoding="UTF-8"?>
<!-- Generated by org.testng.reporters.JUnitReportReporter -->
<testsuite hostname="DESKTOP-4DHU56L" failures="0" tests="1" name="com.todo.tests.AddTodoTest" time="2.277" errors="0" timestamp="2022-10-05T23:13:06 WEST" skipped="0">
  <testcase classname="com.todo.tests.AddTodoTest" name="iCanAddTodo" time="2.277"/>
  <system-out/>
</testsuite> <!-- com.todo.tests.AddTodoTest -->
